2025-06-21 23:19:32:1932 [31merror[39m: [31mError creating meal: Quantity must be between 0.1 and 20 servings for realistic portion sizes[39m {
  "statusCode": 400,
  "errors": null,
  "isOperational": true,
  "stack": "Error: Quantity must be between 0.1 and 20 servings for realistic portion sizes\n    at MealService.createMeal (C:\\Users\\USER\\Documents\\code\\tugas-kuliah\\tugas-multi-platform\\gohealth-api\\src\\services\\meal.service.js:21:15)\n    at MealController.createMeal (C:\\Users\\USER\\Documents\\code\\tugas-kuliah\\tugas-multi-platform\\gohealth-api\\src\\controllers\\meal.controller.js:14:43)\n    at C:\\Users\\USER\\Documents\\code\\tugas-kuliah\\tugas-multi-platform\\gohealth-api\\src\\middleware\\error.middleware.js:46:23\n    at Layer.handleRequest (C:\\Users\\USER\\Documents\\code\\tugas-kuliah\\tugas-multi-platform\\gohealth-api\\node_modules\\router\\lib\\layer.js:152:17)\n    at next (C:\\Users\\USER\\Documents\\code\\tugas-kuliah\\tugas-multi-platform\\gohealth-api\\node_modules\\router\\lib\\route.js:157:13)\n    at C:\\Users\\USER\\Documents\\code\\tugas-kuliah\\tugas-multi-platform\\gohealth-api\\src\\middleware\\validation.middleware.js:92:9\n    at Layer.handleRequest (C:\\Users\\USER\\Documents\\code\\tugas-kuliah\\tugas-multi-platform\\gohealth-api\\node_modules\\router\\lib\\layer.js:152:17)\n    at next (C:\\Users\\USER\\Documents\\code\\tugas-kuliah\\tugas-multi-platform\\gohealth-api\\node_modules\\router\\lib\\route.js:157:13)\n    at Route.dispatch (C:\\Users\\USER\\Documents\\code\\tugas-kuliah\\tugas-multi-platform\\gohealth-api\\node_modules\\router\\lib\\route.js:117:3)\n    at handle (C:\\Users\\USER\\Documents\\code\\tugas-kuliah\\tugas-multi-platform\\gohealth-api\\node_modules\\router\\index.js:435:11)"
}
2025-06-21 23:19:32:1932 [31merror[39m: [31mQuantity must be between 0.1 and 20 servings for realistic portion sizes - /api/meals - POST - ::1[39m {
  "stack": "Error: Quantity must be between 0.1 and 20 servings for realistic portion sizes\n    at MealService.createMeal (C:\\Users\\USER\\Documents\\code\\tugas-kuliah\\tugas-multi-platform\\gohealth-api\\src\\services\\meal.service.js:21:15)\n    at MealController.createMeal (C:\\Users\\USER\\Documents\\code\\tugas-kuliah\\tugas-multi-platform\\gohealth-api\\src\\controllers\\meal.controller.js:14:43)\n    at C:\\Users\\USER\\Documents\\code\\tugas-kuliah\\tugas-multi-platform\\gohealth-api\\src\\middleware\\error.middleware.js:46:23\n    at Layer.handleRequest (C:\\Users\\USER\\Documents\\code\\tugas-kuliah\\tugas-multi-platform\\gohealth-api\\node_modules\\router\\lib\\layer.js:152:17)\n    at next (C:\\Users\\USER\\Documents\\code\\tugas-kuliah\\tugas-multi-platform\\gohealth-api\\node_modules\\router\\lib\\route.js:157:13)\n    at C:\\Users\\USER\\Documents\\code\\tugas-kuliah\\tugas-multi-platform\\gohealth-api\\src\\middleware\\validation.middleware.js:92:9\n    at Layer.handleRequest (C:\\Users\\USER\\Documents\\code\\tugas-kuliah\\tugas-multi-platform\\gohealth-api\\node_modules\\router\\lib\\layer.js:152:17)\n    at next (C:\\Users\\USER\\Documents\\code\\tugas-kuliah\\tugas-multi-platform\\gohealth-api\\node_modules\\router\\lib\\route.js:157:13)\n    at Route.dispatch (C:\\Users\\USER\\Documents\\code\\tugas-kuliah\\tugas-multi-platform\\gohealth-api\\node_modules\\router\\lib\\route.js:117:3)\n    at handle (C:\\Users\\USER\\Documents\\code\\tugas-kuliah\\tugas-multi-platform\\gohealth-api\\node_modules\\router\\index.js:435:11)",
  "body": {
    "foodId": "DAGING-002",
    "mealType": "BREAKFAST",
    "quantity": 100,
    "unit": "gram",
    "date": "2025-06-20T17:00:00.000Z"
  },
  "params": {},
  "query": {}
}
2025-06-21 23:19:36:1936 [31merror[39m: [31mError creating meal: Quantity must be between 0.1 and 20 servings for realistic portion sizes[39m {
  "statusCode": 400,
  "errors": null,
  "isOperational": true,
  "stack": "Error: Quantity must be between 0.1 and 20 servings for realistic portion sizes\n    at MealService.createMeal (C:\\Users\\USER\\Documents\\code\\tugas-kuliah\\tugas-multi-platform\\gohealth-api\\src\\services\\meal.service.js:21:15)\n    at MealController.createMeal (C:\\Users\\USER\\Documents\\code\\tugas-kuliah\\tugas-multi-platform\\gohealth-api\\src\\controllers\\meal.controller.js:14:43)\n    at C:\\Users\\USER\\Documents\\code\\tugas-kuliah\\tugas-multi-platform\\gohealth-api\\src\\middleware\\error.middleware.js:46:23\n    at Layer.handleRequest (C:\\Users\\USER\\Documents\\code\\tugas-kuliah\\tugas-multi-platform\\gohealth-api\\node_modules\\router\\lib\\layer.js:152:17)\n    at next (C:\\Users\\USER\\Documents\\code\\tugas-kuliah\\tugas-multi-platform\\gohealth-api\\node_modules\\router\\lib\\route.js:157:13)\n    at C:\\Users\\USER\\Documents\\code\\tugas-kuliah\\tugas-multi-platform\\gohealth-api\\src\\middleware\\validation.middleware.js:92:9\n    at Layer.handleRequest (C:\\Users\\USER\\Documents\\code\\tugas-kuliah\\tugas-multi-platform\\gohealth-api\\node_modules\\router\\lib\\layer.js:152:17)\n    at next (C:\\Users\\USER\\Documents\\code\\tugas-kuliah\\tugas-multi-platform\\gohealth-api\\node_modules\\router\\lib\\route.js:157:13)\n    at Route.dispatch (C:\\Users\\USER\\Documents\\code\\tugas-kuliah\\tugas-multi-platform\\gohealth-api\\node_modules\\router\\lib\\route.js:117:3)\n    at handle (C:\\Users\\USER\\Documents\\code\\tugas-kuliah\\tugas-multi-platform\\gohealth-api\\node_modules\\router\\index.js:435:11)"
}
2025-06-21 23:19:36:1936 [31merror[39m: [31mQuantity must be between 0.1 and 20 servings for realistic portion sizes - /api/meals - POST - ::1[39m {
  "stack": "Error: Quantity must be between 0.1 and 20 servings for realistic portion sizes\n    at MealService.createMeal (C:\\Users\\USER\\Documents\\code\\tugas-kuliah\\tugas-multi-platform\\gohealth-api\\src\\services\\meal.service.js:21:15)\n    at MealController.createMeal (C:\\Users\\USER\\Documents\\code\\tugas-kuliah\\tugas-multi-platform\\gohealth-api\\src\\controllers\\meal.controller.js:14:43)\n    at C:\\Users\\USER\\Documents\\code\\tugas-kuliah\\tugas-multi-platform\\gohealth-api\\src\\middleware\\error.middleware.js:46:23\n    at Layer.handleRequest (C:\\Users\\USER\\Documents\\code\\tugas-kuliah\\tugas-multi-platform\\gohealth-api\\node_modules\\router\\lib\\layer.js:152:17)\n    at next (C:\\Users\\USER\\Documents\\code\\tugas-kuliah\\tugas-multi-platform\\gohealth-api\\node_modules\\router\\lib\\route.js:157:13)\n    at C:\\Users\\USER\\Documents\\code\\tugas-kuliah\\tugas-multi-platform\\gohealth-api\\src\\middleware\\validation.middleware.js:92:9\n    at Layer.handleRequest (C:\\Users\\USER\\Documents\\code\\tugas-kuliah\\tugas-multi-platform\\gohealth-api\\node_modules\\router\\lib\\layer.js:152:17)\n    at next (C:\\Users\\USER\\Documents\\code\\tugas-kuliah\\tugas-multi-platform\\gohealth-api\\node_modules\\router\\lib\\route.js:157:13)\n    at Route.dispatch (C:\\Users\\USER\\Documents\\code\\tugas-kuliah\\tugas-multi-platform\\gohealth-api\\node_modules\\router\\lib\\route.js:117:3)\n    at handle (C:\\Users\\USER\\Documents\\code\\tugas-kuliah\\tugas-multi-platform\\gohealth-api\\node_modules\\router\\index.js:435:11)",
  "body": {
    "foodId": "DAGING-002",
    "mealType": "BREAKFAST",
    "quantity": 100,
    "unit": "gram",
    "date": "2025-06-20T17:00:00.000Z"
  },
  "params": {},
  "query": {}
}
2025-06-21 23:19:52:1952 [31merror[39m: [31mError creating meal: Quantity must be between 0.1 and 20 servings for realistic portion sizes[39m {
  "statusCode": 400,
  "errors": null,
  "isOperational": true,
  "stack": "Error: Quantity must be between 0.1 and 20 servings for realistic portion sizes\n    at MealService.createMeal (C:\\Users\\USER\\Documents\\code\\tugas-kuliah\\tugas-multi-platform\\gohealth-api\\src\\services\\meal.service.js:21:15)\n    at MealController.createMeal (C:\\Users\\USER\\Documents\\code\\tugas-kuliah\\tugas-multi-platform\\gohealth-api\\src\\controllers\\meal.controller.js:14:43)\n    at C:\\Users\\USER\\Documents\\code\\tugas-kuliah\\tugas-multi-platform\\gohealth-api\\src\\middleware\\error.middleware.js:46:23\n    at Layer.handleRequest (C:\\Users\\USER\\Documents\\code\\tugas-kuliah\\tugas-multi-platform\\gohealth-api\\node_modules\\router\\lib\\layer.js:152:17)\n    at next (C:\\Users\\USER\\Documents\\code\\tugas-kuliah\\tugas-multi-platform\\gohealth-api\\node_modules\\router\\lib\\route.js:157:13)\n    at C:\\Users\\USER\\Documents\\code\\tugas-kuliah\\tugas-multi-platform\\gohealth-api\\src\\middleware\\validation.middleware.js:92:9\n    at Layer.handleRequest (C:\\Users\\USER\\Documents\\code\\tugas-kuliah\\tugas-multi-platform\\gohealth-api\\node_modules\\router\\lib\\layer.js:152:17)\n    at next (C:\\Users\\USER\\Documents\\code\\tugas-kuliah\\tugas-multi-platform\\gohealth-api\\node_modules\\router\\lib\\route.js:157:13)\n    at Route.dispatch (C:\\Users\\USER\\Documents\\code\\tugas-kuliah\\tugas-multi-platform\\gohealth-api\\node_modules\\router\\lib\\route.js:117:3)\n    at handle (C:\\Users\\USER\\Documents\\code\\tugas-kuliah\\tugas-multi-platform\\gohealth-api\\node_modules\\router\\index.js:435:11)"
}
2025-06-21 23:19:52:1952 [31merror[39m: [31mQuantity must be between 0.1 and 20 servings for realistic portion sizes - /api/meals - POST - ::1[39m {
  "stack": "Error: Quantity must be between 0.1 and 20 servings for realistic portion sizes\n    at MealService.createMeal (C:\\Users\\USER\\Documents\\code\\tugas-kuliah\\tugas-multi-platform\\gohealth-api\\src\\services\\meal.service.js:21:15)\n    at MealController.createMeal (C:\\Users\\USER\\Documents\\code\\tugas-kuliah\\tugas-multi-platform\\gohealth-api\\src\\controllers\\meal.controller.js:14:43)\n    at C:\\Users\\USER\\Documents\\code\\tugas-kuliah\\tugas-multi-platform\\gohealth-api\\src\\middleware\\error.middleware.js:46:23\n    at Layer.handleRequest (C:\\Users\\USER\\Documents\\code\\tugas-kuliah\\tugas-multi-platform\\gohealth-api\\node_modules\\router\\lib\\layer.js:152:17)\n    at next (C:\\Users\\USER\\Documents\\code\\tugas-kuliah\\tugas-multi-platform\\gohealth-api\\node_modules\\router\\lib\\route.js:157:13)\n    at C:\\Users\\USER\\Documents\\code\\tugas-kuliah\\tugas-multi-platform\\gohealth-api\\src\\middleware\\validation.middleware.js:92:9\n    at Layer.handleRequest (C:\\Users\\USER\\Documents\\code\\tugas-kuliah\\tugas-multi-platform\\gohealth-api\\node_modules\\router\\lib\\layer.js:152:17)\n    at next (C:\\Users\\USER\\Documents\\code\\tugas-kuliah\\tugas-multi-platform\\gohealth-api\\node_modules\\router\\lib\\route.js:157:13)\n    at Route.dispatch (C:\\Users\\USER\\Documents\\code\\tugas-kuliah\\tugas-multi-platform\\gohealth-api\\node_modules\\router\\lib\\route.js:117:3)\n    at handle (C:\\Users\\USER\\Documents\\code\\tugas-kuliah\\tugas-multi-platform\\gohealth-api\\node_modules\\router\\index.js:435:11)",
  "body": {
    "foodId": "DAGING-002",
    "mealType": "BREAKFAST",
    "quantity": 100,
    "unit": "gram",
    "date": "2025-06-20T17:00:00.000Z"
  },
  "params": {},
  "query": {}
}
2025-06-21 23:20:17:2017 [31merror[39m: [31mError creating meal: Quantity must be between 0.1 and 20 servings for realistic portion sizes[39m {
  "statusCode": 400,
  "errors": null,
  "isOperational": true,
  "stack": "Error: Quantity must be between 0.1 and 20 servings for realistic portion sizes\n    at MealService.createMeal (C:\\Users\\USER\\Documents\\code\\tugas-kuliah\\tugas-multi-platform\\gohealth-api\\src\\services\\meal.service.js:21:15)\n    at MealController.createMeal (C:\\Users\\USER\\Documents\\code\\tugas-kuliah\\tugas-multi-platform\\gohealth-api\\src\\controllers\\meal.controller.js:14:43)\n    at C:\\Users\\USER\\Documents\\code\\tugas-kuliah\\tugas-multi-platform\\gohealth-api\\src\\middleware\\error.middleware.js:46:23\n    at Layer.handleRequest (C:\\Users\\USER\\Documents\\code\\tugas-kuliah\\tugas-multi-platform\\gohealth-api\\node_modules\\router\\lib\\layer.js:152:17)\n    at next (C:\\Users\\USER\\Documents\\code\\tugas-kuliah\\tugas-multi-platform\\gohealth-api\\node_modules\\router\\lib\\route.js:157:13)\n    at C:\\Users\\USER\\Documents\\code\\tugas-kuliah\\tugas-multi-platform\\gohealth-api\\src\\middleware\\validation.middleware.js:92:9\n    at Layer.handleRequest (C:\\Users\\USER\\Documents\\code\\tugas-kuliah\\tugas-multi-platform\\gohealth-api\\node_modules\\router\\lib\\layer.js:152:17)\n    at next (C:\\Users\\USER\\Documents\\code\\tugas-kuliah\\tugas-multi-platform\\gohealth-api\\node_modules\\router\\lib\\route.js:157:13)\n    at Route.dispatch (C:\\Users\\USER\\Documents\\code\\tugas-kuliah\\tugas-multi-platform\\gohealth-api\\node_modules\\router\\lib\\route.js:117:3)\n    at handle (C:\\Users\\USER\\Documents\\code\\tugas-kuliah\\tugas-multi-platform\\gohealth-api\\node_modules\\router\\index.js:435:11)"
}
2025-06-21 23:20:17:2017 [31merror[39m: [31mQuantity must be between 0.1 and 20 servings for realistic portion sizes - /api/meals - POST - ::1[39m {
  "stack": "Error: Quantity must be between 0.1 and 20 servings for realistic portion sizes\n    at MealService.createMeal (C:\\Users\\USER\\Documents\\code\\tugas-kuliah\\tugas-multi-platform\\gohealth-api\\src\\services\\meal.service.js:21:15)\n    at MealController.createMeal (C:\\Users\\USER\\Documents\\code\\tugas-kuliah\\tugas-multi-platform\\gohealth-api\\src\\controllers\\meal.controller.js:14:43)\n    at C:\\Users\\USER\\Documents\\code\\tugas-kuliah\\tugas-multi-platform\\gohealth-api\\src\\middleware\\error.middleware.js:46:23\n    at Layer.handleRequest (C:\\Users\\USER\\Documents\\code\\tugas-kuliah\\tugas-multi-platform\\gohealth-api\\node_modules\\router\\lib\\layer.js:152:17)\n    at next (C:\\Users\\USER\\Documents\\code\\tugas-kuliah\\tugas-multi-platform\\gohealth-api\\node_modules\\router\\lib\\route.js:157:13)\n    at C:\\Users\\USER\\Documents\\code\\tugas-kuliah\\tugas-multi-platform\\gohealth-api\\src\\middleware\\validation.middleware.js:92:9\n    at Layer.handleRequest (C:\\Users\\USER\\Documents\\code\\tugas-kuliah\\tugas-multi-platform\\gohealth-api\\node_modules\\router\\lib\\layer.js:152:17)\n    at next (C:\\Users\\USER\\Documents\\code\\tugas-kuliah\\tugas-multi-platform\\gohealth-api\\node_modules\\router\\lib\\route.js:157:13)\n    at Route.dispatch (C:\\Users\\USER\\Documents\\code\\tugas-kuliah\\tugas-multi-platform\\gohealth-api\\node_modules\\router\\lib\\route.js:117:3)\n    at handle (C:\\Users\\USER\\Documents\\code\\tugas-kuliah\\tugas-multi-platform\\gohealth-api\\node_modules\\router\\index.js:435:11)",
  "body": {
    "foodId": "DAGING-002",
    "mealType": "BREAKFAST",
    "quantity": 100,
    "unit": "gram",
    "date": "2025-06-20T17:00:00.000Z"
  },
  "params": {},
  "query": {}
}
2025-06-21 23:41:16:4116 [31merror[39m: [31mError calculating BMI[39m {
  "error": "User profile incomplete (age, gender, activity level required)",
  "stack": "Error: User profile incomplete (age, gender, activity level required)\n    at ApiError.badRequest (C:\\Users\\USER\\Documents\\code\\tugas-kuliah\\tugas-multi-platform\\gohealth-api\\src\\libs\\http\\ApiError.js:12:12)\n    at BMIService.calculateAndSaveBMI (C:\\Users\\USER\\Documents\\code\\tugas-kuliah\\tugas-multi-platform\\gohealth-api\\src\\services\\bmi.service.js:22:76)\n    at async BMIController.calculateBMI (C:\\Users\\USER\\Documents\\code\\tugas-kuliah\\tugas-multi-platform\\gohealth-api\\src\\controllers\\bmi.controller.js:21:25)",
  "userId": "a1140d13-20a7-4bee-a437-6bbd3433f183",
  "weight": 55,
  "height": 170
}
2025-06-21 23:41:16:4116 [31merror[39m: [31mUser profile incomplete (age, gender, activity level required) - /api/bmi/calculate - POST - ::1[39m {
  "stack": "Error: User profile incomplete (age, gender, activity level required)\n    at ApiError.badRequest (C:\\Users\\USER\\Documents\\code\\tugas-kuliah\\tugas-multi-platform\\gohealth-api\\src\\libs\\http\\ApiError.js:12:12)\n    at BMIService.calculateAndSaveBMI (C:\\Users\\USER\\Documents\\code\\tugas-kuliah\\tugas-multi-platform\\gohealth-api\\src\\services\\bmi.service.js:22:76)\n    at async BMIController.calculateBMI (C:\\Users\\USER\\Documents\\code\\tugas-kuliah\\tugas-multi-platform\\gohealth-api\\src\\controllers\\bmi.controller.js:21:25)",
  "body": {
    "height": 170,
    "weight": 55
  },
  "params": {},
  "query": {}
}
2025-06-21 23:41:18:4118 [31merror[39m: [31mError calculating BMI[39m {
  "error": "User profile incomplete (age, gender, activity level required)",
  "stack": "Error: User profile incomplete (age, gender, activity level required)\n    at ApiError.badRequest (C:\\Users\\USER\\Documents\\code\\tugas-kuliah\\tugas-multi-platform\\gohealth-api\\src\\libs\\http\\ApiError.js:12:12)\n    at BMIService.calculateAndSaveBMI (C:\\Users\\USER\\Documents\\code\\tugas-kuliah\\tugas-multi-platform\\gohealth-api\\src\\services\\bmi.service.js:22:76)\n    at async BMIController.calculateBMI (C:\\Users\\USER\\Documents\\code\\tugas-kuliah\\tugas-multi-platform\\gohealth-api\\src\\controllers\\bmi.controller.js:21:25)",
  "userId": "a1140d13-20a7-4bee-a437-6bbd3433f183",
  "weight": 55,
  "height": 170
}
2025-06-21 23:41:18:4118 [31merror[39m: [31mUser profile incomplete (age, gender, activity level required) - /api/bmi/calculate - POST - ::1[39m {
  "stack": "Error: User profile incomplete (age, gender, activity level required)\n    at ApiError.badRequest (C:\\Users\\USER\\Documents\\code\\tugas-kuliah\\tugas-multi-platform\\gohealth-api\\src\\libs\\http\\ApiError.js:12:12)\n    at BMIService.calculateAndSaveBMI (C:\\Users\\USER\\Documents\\code\\tugas-kuliah\\tugas-multi-platform\\gohealth-api\\src\\services\\bmi.service.js:22:76)\n    at async BMIController.calculateBMI (C:\\Users\\USER\\Documents\\code\\tugas-kuliah\\tugas-multi-platform\\gohealth-api\\src\\controllers\\bmi.controller.js:21:25)",
  "body": {
    "height": 170,
    "weight": 55
  },
  "params": {},
  "query": {}
}
2025-06-21 23:43:05:435 [31merror[39m: [31mError creating meal: Quantity must be between 0.1 and 20 servings for realistic portion sizes[39m {
  "statusCode": 400,
  "errors": null,
  "isOperational": true,
  "stack": "Error: Quantity must be between 0.1 and 20 servings for realistic portion sizes\n    at MealService.createMeal (C:\\Users\\USER\\Documents\\code\\tugas-kuliah\\tugas-multi-platform\\gohealth-api\\src\\services\\meal.service.js:21:15)\n    at MealController.createMeal (C:\\Users\\USER\\Documents\\code\\tugas-kuliah\\tugas-multi-platform\\gohealth-api\\src\\controllers\\meal.controller.js:14:43)\n    at C:\\Users\\USER\\Documents\\code\\tugas-kuliah\\tugas-multi-platform\\gohealth-api\\src\\middleware\\error.middleware.js:46:23\n    at Layer.handleRequest (C:\\Users\\USER\\Documents\\code\\tugas-kuliah\\tugas-multi-platform\\gohealth-api\\node_modules\\router\\lib\\layer.js:152:17)\n    at next (C:\\Users\\USER\\Documents\\code\\tugas-kuliah\\tugas-multi-platform\\gohealth-api\\node_modules\\router\\lib\\route.js:157:13)\n    at C:\\Users\\USER\\Documents\\code\\tugas-kuliah\\tugas-multi-platform\\gohealth-api\\src\\middleware\\validation.middleware.js:92:9\n    at Layer.handleRequest (C:\\Users\\USER\\Documents\\code\\tugas-kuliah\\tugas-multi-platform\\gohealth-api\\node_modules\\router\\lib\\layer.js:152:17)\n    at next (C:\\Users\\USER\\Documents\\code\\tugas-kuliah\\tugas-multi-platform\\gohealth-api\\node_modules\\router\\lib\\route.js:157:13)\n    at Route.dispatch (C:\\Users\\USER\\Documents\\code\\tugas-kuliah\\tugas-multi-platform\\gohealth-api\\node_modules\\router\\lib\\route.js:117:3)\n    at handle (C:\\Users\\USER\\Documents\\code\\tugas-kuliah\\tugas-multi-platform\\gohealth-api\\node_modules\\router\\index.js:435:11)"
}
2025-06-21 23:43:05:435 [31merror[39m: [31mQuantity must be between 0.1 and 20 servings for realistic portion sizes - /api/meals - POST - ::1[39m {
  "stack": "Error: Quantity must be between 0.1 and 20 servings for realistic portion sizes\n    at MealService.createMeal (C:\\Users\\USER\\Documents\\code\\tugas-kuliah\\tugas-multi-platform\\gohealth-api\\src\\services\\meal.service.js:21:15)\n    at MealController.createMeal (C:\\Users\\USER\\Documents\\code\\tugas-kuliah\\tugas-multi-platform\\gohealth-api\\src\\controllers\\meal.controller.js:14:43)\n    at C:\\Users\\USER\\Documents\\code\\tugas-kuliah\\tugas-multi-platform\\gohealth-api\\src\\middleware\\error.middleware.js:46:23\n    at Layer.handleRequest (C:\\Users\\USER\\Documents\\code\\tugas-kuliah\\tugas-multi-platform\\gohealth-api\\node_modules\\router\\lib\\layer.js:152:17)\n    at next (C:\\Users\\USER\\Documents\\code\\tugas-kuliah\\tugas-multi-platform\\gohealth-api\\node_modules\\router\\lib\\route.js:157:13)\n    at C:\\Users\\USER\\Documents\\code\\tugas-kuliah\\tugas-multi-platform\\gohealth-api\\src\\middleware\\validation.middleware.js:92:9\n    at Layer.handleRequest (C:\\Users\\USER\\Documents\\code\\tugas-kuliah\\tugas-multi-platform\\gohealth-api\\node_modules\\router\\lib\\layer.js:152:17)\n    at next (C:\\Users\\USER\\Documents\\code\\tugas-kuliah\\tugas-multi-platform\\gohealth-api\\node_modules\\router\\lib\\route.js:157:13)\n    at Route.dispatch (C:\\Users\\USER\\Documents\\code\\tugas-kuliah\\tugas-multi-platform\\gohealth-api\\node_modules\\router\\lib\\route.js:117:3)\n    at handle (C:\\Users\\USER\\Documents\\code\\tugas-kuliah\\tugas-multi-platform\\gohealth-api\\node_modules\\router\\index.js:435:11)",
  "body": {
    "foodId": "DAGING-002",
    "mealType": "BREAKFAST",
    "quantity": 100,
    "unit": "gram",
    "date": "2025-06-20T17:00:00.000Z"
  },
  "params": {},
  "query": {}
}
2025-06-21 23:46:37:4637 [31merror[39m: [31mError creating meal: Quantity must be between 0.1 and 20 servings for realistic portion sizes[39m {
  "statusCode": 400,
  "errors": null,
  "isOperational": true,
  "stack": "Error: Quantity must be between 0.1 and 20 servings for realistic portion sizes\n    at MealService.createMeal (C:\\Users\\USER\\Documents\\code\\tugas-kuliah\\tugas-multi-platform\\gohealth-api\\src\\services\\meal.service.js:21:15)\n    at MealController.createMeal (C:\\Users\\USER\\Documents\\code\\tugas-kuliah\\tugas-multi-platform\\gohealth-api\\src\\controllers\\meal.controller.js:14:43)\n    at C:\\Users\\USER\\Documents\\code\\tugas-kuliah\\tugas-multi-platform\\gohealth-api\\src\\middleware\\error.middleware.js:46:23\n    at Layer.handleRequest (C:\\Users\\USER\\Documents\\code\\tugas-kuliah\\tugas-multi-platform\\gohealth-api\\node_modules\\router\\lib\\layer.js:152:17)\n    at next (C:\\Users\\USER\\Documents\\code\\tugas-kuliah\\tugas-multi-platform\\gohealth-api\\node_modules\\router\\lib\\route.js:157:13)\n    at C:\\Users\\USER\\Documents\\code\\tugas-kuliah\\tugas-multi-platform\\gohealth-api\\src\\middleware\\validation.middleware.js:92:9\n    at Layer.handleRequest (C:\\Users\\USER\\Documents\\code\\tugas-kuliah\\tugas-multi-platform\\gohealth-api\\node_modules\\router\\lib\\layer.js:152:17)\n    at next (C:\\Users\\USER\\Documents\\code\\tugas-kuliah\\tugas-multi-platform\\gohealth-api\\node_modules\\router\\lib\\route.js:157:13)\n    at Route.dispatch (C:\\Users\\USER\\Documents\\code\\tugas-kuliah\\tugas-multi-platform\\gohealth-api\\node_modules\\router\\lib\\route.js:117:3)\n    at handle (C:\\Users\\USER\\Documents\\code\\tugas-kuliah\\tugas-multi-platform\\gohealth-api\\node_modules\\router\\index.js:435:11)"
}
2025-06-21 23:46:37:4637 [31merror[39m: [31mQuantity must be between 0.1 and 20 servings for realistic portion sizes - /api/meals - POST - ::1[39m {
  "stack": "Error: Quantity must be between 0.1 and 20 servings for realistic portion sizes\n    at MealService.createMeal (C:\\Users\\USER\\Documents\\code\\tugas-kuliah\\tugas-multi-platform\\gohealth-api\\src\\services\\meal.service.js:21:15)\n    at MealController.createMeal (C:\\Users\\USER\\Documents\\code\\tugas-kuliah\\tugas-multi-platform\\gohealth-api\\src\\controllers\\meal.controller.js:14:43)\n    at C:\\Users\\USER\\Documents\\code\\tugas-kuliah\\tugas-multi-platform\\gohealth-api\\src\\middleware\\error.middleware.js:46:23\n    at Layer.handleRequest (C:\\Users\\USER\\Documents\\code\\tugas-kuliah\\tugas-multi-platform\\gohealth-api\\node_modules\\router\\lib\\layer.js:152:17)\n    at next (C:\\Users\\USER\\Documents\\code\\tugas-kuliah\\tugas-multi-platform\\gohealth-api\\node_modules\\router\\lib\\route.js:157:13)\n    at C:\\Users\\USER\\Documents\\code\\tugas-kuliah\\tugas-multi-platform\\gohealth-api\\src\\middleware\\validation.middleware.js:92:9\n    at Layer.handleRequest (C:\\Users\\USER\\Documents\\code\\tugas-kuliah\\tugas-multi-platform\\gohealth-api\\node_modules\\router\\lib\\layer.js:152:17)\n    at next (C:\\Users\\USER\\Documents\\code\\tugas-kuliah\\tugas-multi-platform\\gohealth-api\\node_modules\\router\\lib\\route.js:157:13)\n    at Route.dispatch (C:\\Users\\USER\\Documents\\code\\tugas-kuliah\\tugas-multi-platform\\gohealth-api\\node_modules\\router\\lib\\route.js:117:3)\n    at handle (C:\\Users\\USER\\Documents\\code\\tugas-kuliah\\tugas-multi-platform\\gohealth-api\\node_modules\\router\\index.js:435:11)",
  "body": {
    "foodId": "BUAH-018",
    "mealType": "BREAKFAST",
    "quantity": 100,
    "unit": "gram",
    "date": "2025-06-20T17:00:00.000Z"
  },
  "params": {},
  "query": {}
}
